<?xml version="1.0" encoding="UTF-8" ?>
<testsuites errors="0"
            failures="7"
            tests="8">

  <testsuite name="checklist_tests.dressSearch.test"
    errors="0" failures="7" hostname="" id="" package="checklist_tests" skipped="0"
    tests="8" time="200.5" timestamp="">
  
    <testcase name="Search Result Verification: Matches Test" classname="checklist_tests.dressSearch.test" time="9.889" assertions="1">

    
    </testcase>
  
    <testcase name="Search Result Verification: All Dresses Test" classname="checklist_tests.dressSearch.test" time="10.01" assertions="7">

    

    

    

    

      <failure message="Failed [ok]: (Product 6 with name (&#34;Faded Short Sleeves T-shirt&#34;) is not a dress) - expected &#34;true&#34; but got: &#34;false&#34; (0ms)">    at D:\Coding\SDET_Task\ui_tests\tests\checklist_tests\dressSearch.test.js:29:26
    at NightwatchAPI.&lt;anonymous&gt; (D:\Coding\SDET_Task\ui_tests\pages\productItem.js:78:13)</failure>

      <failure message="Failed [ok]: (Product 7 with name (&#34;Blouse&#34;) is not a dress) - expected &#34;true&#34; but got: &#34;false&#34; (1ms)">    at D:\Coding\SDET_Task\ui_tests\tests\checklist_tests\dressSearch.test.js:29:26
    at NightwatchAPI.&lt;anonymous&gt; (D:\Coding\SDET_Task\ui_tests\pages\productItem.js:78:13)</failure>

    
    </testcase>
  
    <testcase name="Sort Price Low to High Test" classname="checklist_tests.dressSearch.test" time="11.26" assertions="6">  <failure message="Failed [ok]: (Dress at index 2 is not sorted correctly. Previous price: 16.51, Current price: 16.4) - expected &#34;true&#34; but got: &#34;false&#34; (0ms)">    at D:\Coding\SDET_Task\ui_tests\tests\checklist_tests\dressSearch.test.js:48:31
    at NightwatchAPI.&lt;anonymous&gt; (D:\Coding\SDET_Task\ui_tests\pages\productItem.js:67:13)</failure>

    

    

    

      <failure message="Failed [ok]: (Dress at index 6 is not sorted correctly. Previous price: 30.5, Current price: 28.98) - expected &#34;true&#34; but got: &#34;false&#34; (0ms)">    at D:\Coding\SDET_Task\ui_tests\tests\checklist_tests\dressSearch.test.js:48:31
    at NightwatchAPI.&lt;anonymous&gt; (D:\Coding\SDET_Task\ui_tests\pages\productItem.js:67:13)</failure>

    

    
    </testcase>
  
    <testcase name="Sort Price High to Low Test" classname="checklist_tests.dressSearch.test" time="12.83" assertions="6">

      <failure message="Failed [ok]: (Dress at index 3 is not sorted correctly. Previous price: 28.98, Current price: 30.5) - expected &#34;true&#34; but got: &#34;false&#34; (0ms)">    at D:\Coding\SDET_Task\ui_tests\tests\checklist_tests\dressSearch.test.js:69:31
    at NightwatchAPI.&lt;anonymous&gt; (D:\Coding\SDET_Task\ui_tests\pages\productItem.js:67:13)</failure>

    

    

    

      <failure message="Failed [ok]: (Dress at index 7 is not sorted correctly. Previous price: 16.4, Current price: 16.51) - expected &#34;true&#34; but got: &#34;false&#34; (1ms)">    at D:\Coding\SDET_Task\ui_tests\tests\checklist_tests\dressSearch.test.js:69:31
    at NightwatchAPI.&lt;anonymous&gt; (D:\Coding\SDET_Task\ui_tests\pages\productItem.js:67:13)</failure>

    
    </testcase>
  
    <testcase name="Sort Products by Name Ascendingly Test" classname="checklist_tests.dressSearch.test" time="12.78" assertions="6">

    

    

    

    

    

    
    </testcase>
  
    <testcase name="Sort Products by Name Descendingly Test" classname="checklist_tests.dressSearch.test" time="12.90" assertions="6">

    

    

    

    

    

    
    </testcase>
  
    <testcase name="Buy In/Out of Stock Item Test" classname="checklist_tests.dressSearch.test" time="18.51" assertions="7">  <failure message="Form does not allow adding in stock products to cart in 5000ms - expected &#34;has enabled&#34; but got: &#34;button ajax_add_to_cart_button btn btn-default disabled&#34; (5299ms)">    at D:\Coding\SDET_Task\ui_tests\tests\checklist_tests\dressSearch.test.js:134:31
    at NightwatchAPI.&lt;anonymous&gt; (D:\Coding\SDET_Task\ui_tests\pages\productItem.js:53:13)</failure>

    

    

    

    

    

    

    
    </testcase>
  
    <testcase name="List View Test" classname="checklist_tests.dressSearch.test" time="12.07" assertions="1">

    
    </testcase>
  

  

    

  
  </testsuite>
</testsuites>
